<?xml version="1.0" encoding="UTF-8"?>
<!-- Generated by org.testng.reporters.JUnitReportReporter -->
<testsuite skipped="0" hostname="S" name="com.facebook.Login.Testcase" tests="1" failures="0" timestamp="22 May 2019 05:43:52 GMT" time="0.012" errors="0">
  <testcase name="add" time="0.012" classname="com.facebook.Login.Testcase"/>
</testsuite> <!-- com.facebook.Login.Testcase -->
